<html>
<head>
<title>TestNG:  Slack Login Test</title>
<link href="../testng.css" rel="stylesheet" type="text/css" />
<link href="../my-testng.css" rel="stylesheet" type="text/css" />

<style type="text/css">
.log { display: none;} 
.stack-trace { display: none;} 
</style>
<script type="text/javascript">
<!--
function flip(e) {
  current = e.style.display;
  if (current == 'block') {
    e.style.display = 'none';
    return 0;
  }
  else {
    e.style.display = 'block';
    return 1;
  }
}

function toggleBox(szDivId, elem, msg1, msg2)
{
  var res = -1;  if (document.getElementById) {
    res = flip(document.getElementById(szDivId));
  }
  else if (document.all) {
    // this is the way old msie versions work
    res = flip(document.all[szDivId]);
  }
  if(elem) {
    if(res == 0) elem.innerHTML = msg1; else elem.innerHTML = msg2;
  }

}

function toggleAllBoxes() {
  if (document.getElementsByTagName) {
    d = document.getElementsByTagName('div');
    for (i = 0; i < d.length; i++) {
      if (d[i].className == 'log') {
        flip(d[i]);
      }
    }
  }
}

// -->
</script>

</head>
<body>
<h2 align='center'>Slack Login Test</h2><table border='1' align="center">
<tr>
<td>Tests passed/Failed/Skipped:</td><td>1/2/0</td>
</tr><tr>
<td>Started on:</td><td>Mon Dec 28 19:35:16 IST 2020</td>
</tr>
<tr><td>Total time:</td><td>119 seconds (119440 ms)</td>
</tr><tr>
<td>Included groups:</td><td></td>
</tr><tr>
<td>Excluded groups:</td><td></td>
</tr>
</table><p/>
<small><i>(Hover the method name to see the test class name)</i></small><p/>
<table width='100%' border='1' class='invocation-failed'>
<tr><td colspan='4' align='center'><b>FAILED TESTS</b></td></tr>
<tr><td><b>Test method</b></td>
<td width="30%"><b>Exception</b></td>
<td width="10%"><b>Time (seconds)</b></td>
<td><b>Instance</b></td>
</tr>
<tr>
<td title='com.testRepo.TestCase01.testCase01()'><b>testCase01</b><br>Test class: com.testRepo.TestCase01<br>Test method: Verify the Login process and confirm the user lands to HomePage<br/>
<a href="#Output-1882348832" onClick='toggleBox("Output-1882348832", this, "Show output", "Hide output");'>Show output</a>

<a href="#Output-1882348832" onClick="toggleAllBoxes();">Show all outputs</a>
<div class='log' id="Output-1882348832">
<li style ="background: #00FF7F; padding: 2px; font-size: 13px; margin-left: 20px; list-style-type: square; list-style-position: inside;color: #4B0082;" > <span style="color:black">07:36:03</span>   >  	 waited for 0 seconds for loading page.</li><br/>
<hr style ="width: 80%; color: #800000" ><br/>
<li style ="background: #00FF7F; padding: 2px; font-size: 13px; margin-left: 20px; list-style-type: square; list-style-position: inside;color: #4B0082;" > <span style="color:black">07:36:05</span>   >  	 I clicked 'SIGN IN'.</li><br/>
<hr style ="width: 80%; color: #800000" ><br/>
<li style ="background: #00FF7F; padding: 2px; font-size: 13px; margin-left: 20px; list-style-type: square; list-style-position: inside;color: #4B0082;" > <span style="color:black">07:36:06</span>   >  	 I clicked 'I'll sign in manually'.</li><br/>
<hr style ="width: 80%; color: #800000" ><br/>
<li style ="background: #00FF7F; padding: 2px; font-size: 13px; margin-left: 20px; list-style-type: square; list-style-position: inside;color: #4B0082;" > <span style="color:black">07:36:14</span>   >  	 I typed 'skillbuilderworkspace' to the 'WORKSAPCE URL' field.</li><br/>
<hr style ="width: 80%; color: #800000" ><br/>
<li style ="background: #00FF7F; padding: 2px; font-size: 13px; margin-left: 20px; list-style-type: square; list-style-position: inside;color: #4B0082;" > <span style="color:black">07:36:15</span>   >  	 I clicked 'Next'.</li><br/>
<hr style ="width: 80%; color: #800000" ><br/>
<li style ="background: #00FF7F; padding: 2px; font-size: 13px; margin-left: 20px; list-style-type: square; list-style-position: inside;color: #4B0082;" > <span style="color:black">07:36:23</span>   >  	 I typed 'mailmemakar@gmail.com' to the 'EMAIL ADDRESS' field.</li><br/>
<hr style ="width: 80%; color: #800000" ><br/>
<li style ="background: #00FF7F; padding: 2px; font-size: 13px; margin-left: 20px; list-style-type: square; list-style-position: inside;color: #4B0082;" > <span style="color:black">07:36:24</span>   >  	 I clicked 'Next'.</li><br/>
<hr style ="width: 80%; color: #800000" ><br/>
<li style ="background: #00FF7F; padding: 2px; font-size: 13px; margin-left: 20px; list-style-type: square; list-style-position: inside;color: #4B0082;" > <span style="color:black">07:36:26</span>   >  	 I clicked 'Visibility Eye for show password'.</li><br/>
<hr style ="width: 80%; color: #800000" ><br/>
<li style ="background: #00FF7F; padding: 2px; font-size: 13px; margin-left: 20px; list-style-type: square; list-style-position: inside;color: #4B0082;" > <span style="color:black">07:36:32</span>   >  	 I typed 'Security' to the 'PASSWORD FIELD' field.</li><br/>
<hr style ="width: 80%; color: #800000" ><br/>
<li style ="background: #00FF7F; padding: 2px; font-size: 13px; margin-left: 20px; list-style-type: square; list-style-position: inside;color: #4B0082;" > <span style="color:black">07:36:32</span>   >  	 I forgot to uncheck the 'show password' option, Unchecking now the 'Show Password'.</li><br/>
<hr style ="width: 80%; color: #800000" ><br/>
<li style ="background: #00FF7F; padding: 2px; font-size: 13px; margin-left: 20px; list-style-type: square; list-style-position: inside;color: #4B0082;" > <span style="color:black">07:36:40</span>   >  	 I typed 'Topcod****' to the 'PASSWORD FIELD' field.</li><br/>
<hr style ="width: 80%; color: #800000" ><br/>
<li style ="background: #00FF7F; padding: 2px; font-size: 13px; margin-left: 20px; list-style-type: square; list-style-position: inside;color: #4B0082;" > <span style="color:black">07:36:40</span>   >  	 I clicked 'Next Button'.</li><br/>
<hr style ="width: 80%; color: #800000" ><br/>
<li style ="background: #00FF7F; padding: 2px; font-size: 13px; margin-left: 20px; list-style-type: square; list-style-position: inside;color: #4B0082;" > <span style="color:black">07:37:03</span>   >  	 waited for 4 seconds for loading page.</li><br/>
<hr style ="width: 80%; color: #800000" ><br/>
<li style ="background: #00FF7F; padding: 2px; font-size: 13px; margin-left: 20px; list-style-type: square; list-style-position: inside;color: #4B0082;" > <span style="color:black">07:37:03</span>   >  	 I completed with the Login process successfully.</li><br/>
<hr style ="width: 80%; color: #800000" ><br/>
<span style="color:red"> Test failed for  <strong>testCase01 Class, </strong></span> <a style="background: red;" href='D:\JAVAEE\Workspace1\AndroidAutomationWithJava\target\surefire-reports\failure_screenshots\testCase01_28_12_2020_07_37_03.png'> <img src='D:\JAVAEE\Workspace1\AndroidAutomationWithJava\target\surefire-reports\failure_screenshots\testCase01_28_12_2020_07_37_03.png' height='100' width='100'/> </a><br/>
</div>
</td>
<td><div><pre>java.lang.NullPointerException: Cannot invoke &quot;org.openqa.selenium.SearchContext.findElements(org.openqa.selenium.By)&quot; because &quot;this.searchContext&quot; is null
	at org.openqa.selenium.support.pagefactory.DefaultElementLocator.findElements(DefaultElementLocator.java:85)
	at org.openqa.selenium.support.pagefactory.internal.LocatingElementListHandler.invoke(LocatingElementListHandler.java:36)
	at com.sun.proxy.$Proxy20.size(Unknown Source)
	at com.pageRepo.HomePage.confirmHomePage(HomePage.java:70)
	at com.testRepo.TestCase01.testCase01(TestCase01.java:32)
	at java.base/jdk.internal.reflect.NativeMethodAccessorImpl.invoke0(Native Method)
	at java.base/jdk.internal.reflect.NativeMethodAccessorImpl.invoke(NativeMethodAccessorImpl.java:62)
	at java.base/jdk.internal.reflect.DelegatingMethodAccessorImpl.invoke(DelegatingMethodAccessorImpl.java:43)
	at java.base/java.lang.reflect.Method.invoke(Method.java:564)
	at org.testng.internal.MethodInvocationHelper.invokeMethod(MethodInvocationHelper.java:132)
	at org.testng.internal.TestInvoker.invokeMethod(TestInvoker.java:599)
	at org.testng.internal.TestInvoker.invokeTestMethod(TestInvoker.java:174)
	at org.testng.internal.MethodRunner.runInSequence(MethodRunner.java:46)
	at org.testng.internal.TestInvoker$MethodInvocationAgent.invoke(TestInvoker.java:822)
	at org.testng.internal.TestInvoker.invokeTestMethods(TestInvoker.java:147)
	at org.testng.internal.TestMethodWorker.invokeTestMethods(TestMethodWorker.java:146)
	at org.testng.internal.TestMethodWorker.run(TestMethodWorker.java:128)
	at java.base/java.util.ArrayList.forEach(ArrayList.java:1511)
	at org.testng.TestRunner.privateRun(TestRunner.java:764)
	at org.testng.TestRunner.run(TestRunner.java:585)
	at org.testng.SuiteRunner.runTest(SuiteRunner.java:384)
	at org.testng.SuiteRunner.runSequentially(SuiteRunner.java:378)
	at org.testng.SuiteRunner.privateRun(SuiteRunner.java:337)
	at org.testng.SuiteRunner.run(SuiteRunner.java:286)
	at org.testng.SuiteRunnerWorker.runSuite(SuiteRunnerWorker.java:53)
	at org.testng.SuiteRunnerWorker.run(SuiteRunnerWorker.java:96)
	at org.testng.TestNG.runSuitesSequentially(TestNG.java:1218)
	at org.testng.TestNG.runSuitesLocally(TestNG.java:1140)
	at org.testng.TestNG.runSuites(TestNG.java:1069)
	at org.testng.TestNG.run(TestNG.java:1037)
	at org.testng.remote.AbstractRemoteTestNG.run(AbstractRemoteTestNG.java:115)
	at org.testng.remote.RemoteTestNG.initAndRun(RemoteTestNG.java:251)
	at org.testng.remote.RemoteTestNG.main(RemoteTestNG.java:77)
</pre></div><a href='#' onClick='toggleBox("stack-trace1882348832", this, "Click to show all stack frames", "Click to hide stack frames")'>Click to show all stack frames</a>
<div class='stack-trace' id='stack-trace1882348832'><pre>java.lang.NullPointerException: Cannot invoke &quot;org.openqa.selenium.SearchContext.findElements(org.openqa.selenium.By)&quot; because &quot;this.searchContext&quot; is null
	at org.openqa.selenium.support.pagefactory.DefaultElementLocator.findElements(DefaultElementLocator.java:85)
	at org.openqa.selenium.support.pagefactory.internal.LocatingElementListHandler.invoke(LocatingElementListHandler.java:36)
	at com.sun.proxy.$Proxy20.size(Unknown Source)
	at com.pageRepo.HomePage.confirmHomePage(HomePage.java:70)
	at com.testRepo.TestCase01.testCase01(TestCase01.java:32)
	at java.base/jdk.internal.reflect.NativeMethodAccessorImpl.invoke0(Native Method)
	at java.base/jdk.internal.reflect.NativeMethodAccessorImpl.invoke(NativeMethodAccessorImpl.java:62)
	at java.base/jdk.internal.reflect.DelegatingMethodAccessorImpl.invoke(DelegatingMethodAccessorImpl.java:43)
	at java.base/java.lang.reflect.Method.invoke(Method.java:564)
	at org.testng.internal.MethodInvocationHelper.invokeMethod(MethodInvocationHelper.java:132)
	at org.testng.internal.TestInvoker.invokeMethod(TestInvoker.java:599)
	at org.testng.internal.TestInvoker.invokeTestMethod(TestInvoker.java:174)
	at org.testng.internal.MethodRunner.runInSequence(MethodRunner.java:46)
	at org.testng.internal.TestInvoker$MethodInvocationAgent.invoke(TestInvoker.java:822)
	at org.testng.internal.TestInvoker.invokeTestMethods(TestInvoker.java:147)
	at org.testng.internal.TestMethodWorker.invokeTestMethods(TestMethodWorker.java:146)
	at org.testng.internal.TestMethodWorker.run(TestMethodWorker.java:128)
	at java.base/java.util.ArrayList.forEach(ArrayList.java:1511)
	at org.testng.TestRunner.privateRun(TestRunner.java:764)
	at org.testng.TestRunner.run(TestRunner.java:585)
	at org.testng.SuiteRunner.runTest(SuiteRunner.java:384)
	at org.testng.SuiteRunner.runSequentially(SuiteRunner.java:378)
	at org.testng.SuiteRunner.privateRun(SuiteRunner.java:337)
	at org.testng.SuiteRunner.run(SuiteRunner.java:286)
	at org.testng.SuiteRunnerWorker.runSuite(SuiteRunnerWorker.java:53)
	at org.testng.SuiteRunnerWorker.run(SuiteRunnerWorker.java:96)
	at org.testng.TestNG.runSuitesSequentially(TestNG.java:1218)
	at org.testng.TestNG.runSuitesLocally(TestNG.java:1140)
	at org.testng.TestNG.runSuites(TestNG.java:1069)
	at org.testng.TestNG.run(TestNG.java:1037)
	at org.testng.remote.AbstractRemoteTestNG.run(AbstractRemoteTestNG.java:115)
	at org.testng.remote.RemoteTestNG.initAndRun(RemoteTestNG.java:251)
	at org.testng.remote.RemoteTestNG.main(RemoteTestNG.java:77)
</pre></div></td>
<td>71</td>
<td>com.testRepo.TestCase01@5149d738</td></tr>
<tr>
<td title='com.testRepo.TestCase01.testCase02()'><b>testCase02</b><br>Test class: com.testRepo.TestCase01<br>Test method: Verify the screen Orienatation and capture the screenshot<br/>
<a href="#Output-1043882455" onClick='toggleBox("Output-1043882455", this, "Show output", "Hide output");'>Show output</a>

<a href="#Output-1043882455" onClick="toggleAllBoxes();">Show all outputs</a>
<div class='log' id="Output-1043882455">
<li style ="background: #00FF7F; padding: 2px; font-size: 13px; margin-left: 20px; list-style-type: square; list-style-position: inside;color: #4B0082;" > <span style="color:black">07:37:09</span>   >  	 Screen Orientation is set to LANDSCAPE.</li><br/>
<hr style ="width: 80%; color: #800000" ><br/>
<span style="color:red"> Test failed for  <strong>testCase02 Class, </strong></span> <a style="background: red;" href='D:\JAVAEE\Workspace1\AndroidAutomationWithJava\target\surefire-reports\failure_screenshots\testCase02_28_12_2020_07_37_10.png'> <img src='D:\JAVAEE\Workspace1\AndroidAutomationWithJava\target\surefire-reports\failure_screenshots\testCase02_28_12_2020_07_37_10.png' height='100' width='100'/> </a><br/>
</div>
</td>
<td><div><pre>java.lang.AssertionError: expected [true] but found [false]
	at org.testng.Assert.fail(Assert.java:99)
	at org.testng.Assert.failNotEquals(Assert.java:1037)
	at org.testng.Assert.assertTrue(Assert.java:45)
	at org.testng.Assert.assertTrue(Assert.java:55)
	at com.testRepo.TestCase01.testCase02(TestCase01.java:45)
	at java.base/jdk.internal.reflect.NativeMethodAccessorImpl.invoke0(Native Method)
	at java.base/jdk.internal.reflect.NativeMethodAccessorImpl.invoke(NativeMethodAccessorImpl.java:62)
	at java.base/jdk.internal.reflect.DelegatingMethodAccessorImpl.invoke(DelegatingMethodAccessorImpl.java:43)
	at java.base/java.lang.reflect.Method.invoke(Method.java:564)
	at org.testng.internal.MethodInvocationHelper.invokeMethod(MethodInvocationHelper.java:132)
	at org.testng.internal.TestInvoker.invokeMethod(TestInvoker.java:599)
	at org.testng.internal.TestInvoker.invokeTestMethod(TestInvoker.java:174)
	at org.testng.internal.MethodRunner.runInSequence(MethodRunner.java:46)
	at org.testng.internal.TestInvoker$MethodInvocationAgent.invoke(TestInvoker.java:822)
	at org.testng.internal.TestInvoker.invokeTestMethods(TestInvoker.java:147)
	at org.testng.internal.TestMethodWorker.invokeTestMethods(TestMethodWorker.java:146)
	at org.testng.internal.TestMethodWorker.run(TestMethodWorker.java:128)
	at java.base/java.util.ArrayList.forEach(ArrayList.java:1511)
	at org.testng.TestRunner.privateRun(TestRunner.java:764)
	at org.testng.TestRunner.run(TestRunner.java:585)
	at org.testng.SuiteRunner.runTest(SuiteRunner.java:384)
	at org.testng.SuiteRunner.runSequentially(SuiteRunner.java:378)
	at org.testng.SuiteRunner.privateRun(SuiteRunner.java:337)
	at org.testng.SuiteRunner.run(SuiteRunner.java:286)
	at org.testng.SuiteRunnerWorker.runSuite(SuiteRunnerWorker.java:53)
	at org.testng.SuiteRunnerWorker.run(SuiteRunnerWorker.java:96)
	at org.testng.TestNG.runSuitesSequentially(TestNG.java:1218)
	at org.testng.TestNG.runSuitesLocally(TestNG.java:1140)
	at org.testng.TestNG.runSuites(TestNG.java:1069)
	at org.testng.TestNG.run(TestNG.java:1037)
	at org.testng.remote.AbstractRemoteTestNG.run(AbstractRemoteTestNG.java:115)
	at org.testng.remote.RemoteTestNG.initAndRun(RemoteTestNG.java:251)
	at org.testng.remote.RemoteTestNG.main(RemoteTestNG.java:77)
</pre></div><a href='#' onClick='toggleBox("stack-trace1043882455", this, "Click to show all stack frames", "Click to hide stack frames")'>Click to show all stack frames</a>
<div class='stack-trace' id='stack-trace1043882455'><pre>java.lang.AssertionError: expected [true] but found [false]
	at org.testng.Assert.fail(Assert.java:99)
	at org.testng.Assert.failNotEquals(Assert.java:1037)
	at org.testng.Assert.assertTrue(Assert.java:45)
	at org.testng.Assert.assertTrue(Assert.java:55)
	at com.testRepo.TestCase01.testCase02(TestCase01.java:45)
	at java.base/jdk.internal.reflect.NativeMethodAccessorImpl.invoke0(Native Method)
	at java.base/jdk.internal.reflect.NativeMethodAccessorImpl.invoke(NativeMethodAccessorImpl.java:62)
	at java.base/jdk.internal.reflect.DelegatingMethodAccessorImpl.invoke(DelegatingMethodAccessorImpl.java:43)
	at java.base/java.lang.reflect.Method.invoke(Method.java:564)
	at org.testng.internal.MethodInvocationHelper.invokeMethod(MethodInvocationHelper.java:132)
	at org.testng.internal.TestInvoker.invokeMethod(TestInvoker.java:599)
	at org.testng.internal.TestInvoker.invokeTestMethod(TestInvoker.java:174)
	at org.testng.internal.MethodRunner.runInSequence(MethodRunner.java:46)
	at org.testng.internal.TestInvoker$MethodInvocationAgent.invoke(TestInvoker.java:822)
	at org.testng.internal.TestInvoker.invokeTestMethods(TestInvoker.java:147)
	at org.testng.internal.TestMethodWorker.invokeTestMethods(TestMethodWorker.java:146)
	at org.testng.internal.TestMethodWorker.run(TestMethodWorker.java:128)
	at java.base/java.util.ArrayList.forEach(ArrayList.java:1511)
	at org.testng.TestRunner.privateRun(TestRunner.java:764)
	at org.testng.TestRunner.run(TestRunner.java:585)
	at org.testng.SuiteRunner.runTest(SuiteRunner.java:384)
	at org.testng.SuiteRunner.runSequentially(SuiteRunner.java:378)
	at org.testng.SuiteRunner.privateRun(SuiteRunner.java:337)
	at org.testng.SuiteRunner.run(SuiteRunner.java:286)
	at org.testng.SuiteRunnerWorker.runSuite(SuiteRunnerWorker.java:53)
	at org.testng.SuiteRunnerWorker.run(SuiteRunnerWorker.java:96)
	at org.testng.TestNG.runSuitesSequentially(TestNG.java:1218)
	at org.testng.TestNG.runSuitesLocally(TestNG.java:1140)
	at org.testng.TestNG.runSuites(TestNG.java:1069)
	at org.testng.TestNG.run(TestNG.java:1037)
	at org.testng.remote.AbstractRemoteTestNG.run(AbstractRemoteTestNG.java:115)
	at org.testng.remote.RemoteTestNG.initAndRun(RemoteTestNG.java:251)
	at org.testng.remote.RemoteTestNG.main(RemoteTestNG.java:77)
</pre></div></td>
<td>1</td>
<td>com.testRepo.TestCase01@5149d738</td></tr>
</table><p>
<table width='100%' border='1' class='invocation-passed'>
<tr><td colspan='4' align='center'><b>PASSED TESTS</b></td></tr>
<tr><td><b>Test method</b></td>
<td width="30%"><b>Exception</b></td>
<td width="10%"><b>Time (seconds)</b></td>
<td><b>Instance</b></td>
</tr>
<tr>
<td title='com.testRepo.TestCase01.testCase03()'><b>testCase03</b><br>Test class: com.testRepo.TestCase01<br>Test method: Verify the log status printed as per the status code<br/>
<a href="#Output-1262477422" onClick='toggleBox("Output-1262477422", this, "Show output", "Hide output");'>Show output</a>

<a href="#Output-1262477422" onClick="toggleAllBoxes();">Show all outputs</a>
<div class='log' id="Output-1262477422">
<li style ="background: #00FF7F; padding: 2px; font-size: 13px; margin-left: 20px; list-style-type: square; list-style-position: inside;color: #4B0082;" > <span style="color:black">07:37:15</span>   >  	 This is Test Error Log.</li><br/>
<hr style ="width: 80%; color: #800000" ><br/>
<li style ="background: #00FF7F; padding: 2px; font-size: 13px; margin-left: 20px; list-style-type: square; list-style-position: inside;color: #4B0082;" > <span style="color:black">07:37:15</span>   >  	 This is Test info.</li><br/>
<hr style ="width: 80%; color: #800000" ><br/>
<li style ="background: #00FF7F; padding: 2px; font-size: 13px; margin-left: 20px; list-style-type: square; list-style-position: inside;color: #4B0082;" > <span style="color:black">07:37:15</span>   >  	 This is Test Warning Log.</li><br/>
<hr style ="width: 80%; color: #800000" ><br/>
<li style ="background: #00FF7F; padding: 2px; font-size: 13px; margin-left: 20px; list-style-type: square; list-style-position: inside;color: #4B0082;" > <span style="color:black">07:37:15</span>   >  	 This is Test Default Log With Number 9.</li><br/>
<hr style ="width: 80%; color: #800000" ><br/>
<li style ="background: #00FF7F; padding: 2px; font-size: 13px; margin-left: 20px; list-style-type: square; list-style-position: inside;color: #4B0082;" > <span style="color:black">07:37:15</span>   >  	 This is Test Fatal Log.</li><br/>
<hr style ="width: 80%; color: #800000" ><br/>
</div>
</td>
<td></td>
<td>0</td>
<td>com.testRepo.TestCase01@5149d738</td></tr>
</table><p>
</body>
</html>